Using pre-set license
Built from '2022.3/release' branch; Version is '2022.3.20f1 (61c2feb0970d) revision 6406910'; Using compiler version '192829333'; Build Type 'Release'
OS: 'Windows 10  (10.0.19045) 64bit Core' Language: 'en' Physical Memory: 16261 MB
BatchMode: 1, IsHumanControllingUs: 0, StartBugReporterOnCrash: 0, Is64bit: 1, IsPro: 1

COMMAND LINE ARGUMENTS:
C:\Program Files\Unity\Hub\Editor\2022.3.20f1\Editor\Unity.exe
-adb2
-batchMode
-noUpm
-name
AssetImportWorker0
-projectPath
C:/Users/User/Desktop/Stuff/Facultate/Anul III/Sem2/DJC/KartingUnity/Karting-Prejmer
-logFile
Logs/AssetImportWorker0.log
-srvPort
61544
Successfully changed project path to: C:/Users/User/Desktop/Stuff/Facultate/Anul III/Sem2/DJC/KartingUnity/Karting-Prejmer
C:/Users/User/Desktop/Stuff/Facultate/Anul III/Sem2/DJC/KartingUnity/Karting-Prejmer
[UnityMemory] Configuration Parameters - Can be set up in boot.config
    "memorysetup-bucket-allocator-granularity=16"
    "memorysetup-bucket-allocator-bucket-count=8"
    "memorysetup-bucket-allocator-block-size=33554432"
    "memorysetup-bucket-allocator-block-count=8"
    "memorysetup-main-allocator-block-size=16777216"
    "memorysetup-thread-allocator-block-size=16777216"
    "memorysetup-gfx-main-allocator-block-size=16777216"
    "memorysetup-gfx-thread-allocator-block-size=16777216"
    "memorysetup-cache-allocator-block-size=4194304"
    "memorysetup-typetree-allocator-block-size=2097152"
    "memorysetup-profiler-bucket-allocator-granularity=16"
    "memorysetup-profiler-bucket-allocator-bucket-count=8"
    "memorysetup-profiler-bucket-allocator-block-size=33554432"
    "memorysetup-profiler-bucket-allocator-block-count=8"
    "memorysetup-profiler-allocator-block-size=16777216"
    "memorysetup-profiler-editor-allocator-block-size=1048576"
    "memorysetup-temp-allocator-size-main=16777216"
    "memorysetup-job-temp-allocator-block-size=2097152"
    "memorysetup-job-temp-allocator-block-size-background=1048576"
    "memorysetup-job-temp-allocator-reduction-small-platforms=262144"
    "memorysetup-allocator-temp-initial-block-size-main=262144"
    "memorysetup-allocator-temp-initial-block-size-worker=262144"
    "memorysetup-temp-allocator-size-background-worker=32768"
    "memorysetup-temp-allocator-size-job-worker=262144"
    "memorysetup-temp-allocator-size-preload-manager=33554432"
    "memorysetup-temp-allocator-size-nav-mesh-worker=65536"
    "memorysetup-temp-allocator-size-audio-worker=65536"
    "memorysetup-temp-allocator-size-cloud-worker=32768"
    "memorysetup-temp-allocator-size-gi-baking-worker=262144"
    "memorysetup-temp-allocator-size-gfx=262144"
Player connection [11928] Host "[IP] 192.168.1.64 [Port] 0 [Flags] 2 [Guid] 283888259 [EditorId] 283888259 [Version] 1048832 [Id] WindowsEditor(7,DESKTOP-CSGC1EP) [Debug] 1 [PackageName] WindowsEditor [ProjectName] Editor" joined multi-casting on [225.0.0.222:54997]...

Player connection [11928] Host "[IP] 192.168.1.64 [Port] 0 [Flags] 2 [Guid] 283888259 [EditorId] 283888259 [Version] 1048832 [Id] WindowsEditor(7,DESKTOP-CSGC1EP) [Debug] 1 [PackageName] WindowsEditor [ProjectName] Editor" joined alternative multi-casting on [225.0.0.222:34997]...

[Physics::Module] Initialized MultithreadedJobDispatcher with 3 workers.
Refreshing native plugins compatible for Editor in 19.41 ms, found 3 plugins.
Preloading 0 native plugins for Editor in 0.00 ms.
Initialize engine version: 2022.3.20f1 (61c2feb0970d)
[Subsystems] Discovering subsystems at path C:/Program Files/Unity/Hub/Editor/2022.3.20f1/Editor/Data/Resources/UnitySubsystems
[Subsystems] Discovering subsystems at path C:/Users/User/Desktop/Stuff/Facultate/Anul III/Sem2/DJC/KartingUnity/Karting-Prejmer/Assets
GfxDevice: creating device client; threaded=0; jobified=0
Direct3D:
    Version:  Direct3D 11.0 [level 11.1]
    Renderer: Intel(R) HD Graphics 4600 (ID=0x416)
    Vendor:   Intel
    VRAM:     2048 MB
    Driver:   20.19.15.4531
Initialize mono
Mono path[0] = 'C:/Program Files/Unity/Hub/Editor/2022.3.20f1/Editor/Data/Managed'
Mono path[1] = 'C:/Program Files/Unity/Hub/Editor/2022.3.20f1/Editor/Data/MonoBleedingEdge/lib/mono/unityjit-win32'
Mono config path = 'C:/Program Files/Unity/Hub/Editor/2022.3.20f1/Editor/Data/MonoBleedingEdge/etc'
Using monoOptions --debugger-agent=transport=dt_socket,embedding=1,server=y,suspend=n,address=127.0.0.1:56648
Begin MonoManager ReloadAssembly
Registering precompiled unity dll's ...
Register platform support module: C:/Program Files/Unity/Hub/Editor/2022.3.20f1/Editor/Data/PlaybackEngines/WebGLSupport/UnityEditor.WebGL.Extensions.dll
Register platform support module: C:/Program Files/Unity/Hub/Editor/2022.3.20f1/Editor/Data/PlaybackEngines/WindowsStandaloneSupport/UnityEditor.WindowsStandalone.Extensions.dll
Registered in 0.015846 seconds.
- Loaded All Assemblies, in  0.673 seconds
Native extension for WindowsStandalone target not found
Native extension for WebGL target not found
Mono: successfully reloaded assembly
- Finished resetting the current domain, in  0.547 seconds
Domain Reload Profiling: 1219ms
	BeginReloadAssembly (205ms)
		ExecutionOrderSort (0ms)
		DisableScriptedObjects (0ms)
		BackupInstance (0ms)
		ReleaseScriptingObjects (0ms)
		CreateAndSetChildDomain (1ms)
	RebuildCommonClasses (66ms)
	RebuildNativeTypeToScriptingClass (21ms)
	initialDomainReloadingComplete (111ms)
	LoadAllAssembliesAndSetupDomain (267ms)
		LoadAssemblies (204ms)
		RebuildTransferFunctionScriptingTraits (0ms)
		AnalyzeDomain (263ms)
			TypeCache.Refresh (261ms)
				TypeCache.ScanAssembly (237ms)
			ScanForSourceGeneratedMonoScriptInfo (0ms)
			ResolveRequiredComponents (1ms)
	FinalizeReload (548ms)
		ReleaseScriptCaches (0ms)
		RebuildScriptCaches (0ms)
		SetupLoadedEditorAssemblies (433ms)
			LogAssemblyErrors (0ms)
			InitializePlatformSupportModulesInManaged (21ms)
			SetLoadedEditorAssemblies (10ms)
			RefreshPlugins (0ms)
			BeforeProcessingInitializeOnLoad (5ms)
			ProcessInitializeOnLoadAttributes (303ms)
			ProcessInitializeOnLoadMethodAttributes (92ms)
			AfterProcessingInitializeOnLoad (0ms)
			EditorAssembliesLoaded (0ms)
		ExecutionOrderSort2 (0ms)
		AwakeInstancesAfterBackupRestoration (0ms)
========================================================================
Worker process is ready to serve import requests
Begin MonoManager ReloadAssembly
- Loaded All Assemblies, in  1.227 seconds
Refreshing native plugins compatible for Editor in 4.00 ms, found 3 plugins.
Native extension for WindowsStandalone target not found
Native extension for WebGL target not found
Package Manager log level set to [2]
[Package Manager] Server::EnsureServerProcessIsRunning -- launch failed, reason: Unity was launched with the -noUpm command-line argument
[Package Manager] UpmClient::Send -- Unable to send message (not connected to UPM process).
[Package Manager] Cannot connect to Unity Package Manager local server
Mono: successfully reloaded assembly
- Finished resetting the current domain, in  1.397 seconds
Domain Reload Profiling: 2619ms
	BeginReloadAssembly (301ms)
		ExecutionOrderSort (0ms)
		DisableScriptedObjects (12ms)
		BackupInstance (0ms)
		ReleaseScriptingObjects (0ms)
		CreateAndSetChildDomain (61ms)
	RebuildCommonClasses (61ms)
	RebuildNativeTypeToScriptingClass (20ms)
	initialDomainReloadingComplete (76ms)
	LoadAllAssembliesAndSetupDomain (763ms)
		LoadAssemblies (570ms)
		RebuildTransferFunctionScriptingTraits (0ms)
		AnalyzeDomain (359ms)
			TypeCache.Refresh (321ms)
				TypeCache.ScanAssembly (298ms)
			ScanForSourceGeneratedMonoScriptInfo (27ms)
			ResolveRequiredComponents (9ms)
	FinalizeReload (1398ms)
		ReleaseScriptCaches (0ms)
		RebuildScriptCaches (0ms)
		SetupLoadedEditorAssemblies (1089ms)
			LogAssemblyErrors (0ms)
			InitializePlatformSupportModulesInManaged (16ms)
			SetLoadedEditorAssemblies (9ms)
			RefreshPlugins (0ms)
			BeforeProcessingInitializeOnLoad (179ms)
			ProcessInitializeOnLoadAttributes (830ms)
			ProcessInitializeOnLoadMethodAttributes (41ms)
			AfterProcessingInitializeOnLoad (13ms)
			EditorAssembliesLoaded (0ms)
		ExecutionOrderSort2 (0ms)
		AwakeInstancesAfterBackupRestoration (11ms)
Launched and connected shader compiler UnityShaderCompiler.exe after 0.08 seconds
Refreshing native plugins compatible for Editor in 12.23 ms, found 3 plugins.
Preloading 0 native plugins for Editor in 0.00 ms.
Unloading 3095 Unused Serialized files (Serialized files now loaded: 0)
Unloading 32 unused Assets / (57.4 KB). Loaded Objects now: 3558.
Memory consumption went from 123.0 MB to 123.0 MB.
Total: 6.067100 ms (FindLiveObjects: 0.621900 ms CreateObjectMapping: 0.382400 ms MarkObjects: 4.897100 ms  DeleteObjects: 0.163600 ms)

AssetImportParameters requested are different than current active one (requested -> active):
  custom:container-demuxer-ogg: 62fdf1f143b41e24485cea50d1cbac27 -> 
  custom:video-decoder-ogg-theora: a1e56fd34408186e4bbccfd4996cb3dc -> 
  custom:framework-win-MediaFoundation: 216162199b28c13a410421893ffa2e32 -> 
  custom:CustomObjectIndexerAttribute: 6d391050e5a25f67b0a2c618074f2cd9 -> 
  custom:container-demuxer-webm: 4f35f7cbe854078d1ac9338744f61a02 -> 
  custom:container-muxer-webm: aa71ff27fc2769a1b78a27578f13a17b -> 
  custom:video-decoder-webm-vp8: 9c59270c3fd7afecdb556c50c9e8de78 -> 
  custom:SearchIndexIgnoredProperties: e643bd26f0fe6173181afceb89e7c659 -> 
  custom:AudioImporter_EditorPlatform: d09bf68614088b80899f8185d706f6e7 -> 
  custom:video-encoder-webm-vp8: eb34c28f22e8b96e1ab97ce403110664 -> 
  custom:audio-decoder-ogg-vorbis: bf7c407c2cedff20999df2af8eb42d56 -> 
  custom:audio-encoder-webm-vorbis: bf7c407c2cedff20999df2af8eb42d56 -> 
========================================================================
Received Import Request.
  Time since last request: 234843.026657 seconds.
  path: Assets/MentalDreamsAssets/GoKartPack/Mesh/Materials/gokart_ref_02.mat
  artifactKey: Guid(4db307f0de3c0ff41bdfd5585d880ec3) Importer(815301076,1909f56bfc062723c751e8b465ee728b)
Start importing Assets/MentalDreamsAssets/GoKartPack/Mesh/Materials/gokart_ref_02.mat using Guid(4db307f0de3c0ff41bdfd5585d880ec3) Importer(815301076,1909f56bfc062723c751e8b465ee728b)  -> (artifact id: 'a63af099920dbe076715f825e5b94332') in 0.204662 seconds
Number of updated asset objects reloaded before import = 0
Number of asset objects unloaded after import = 2
========================================================================
Received Import Request.
  Time since last request: 0.000063 seconds.
  path: Assets/MentalDreamsAssets/GoKartPack/Mesh/Materials/gokart_ref_08.mat
  artifactKey: Guid(b63cd7767541a324dacc9faea769fb27) Importer(815301076,1909f56bfc062723c751e8b465ee728b)
Start importing Assets/MentalDreamsAssets/GoKartPack/Mesh/Materials/gokart_ref_08.mat using Guid(b63cd7767541a324dacc9faea769fb27) Importer(815301076,1909f56bfc062723c751e8b465ee728b)  -> (artifact id: '0d2418b95f50fda5d4d491d130db0c6a') in 0.029268 seconds
Number of updated asset objects reloaded before import = 0
Number of asset objects unloaded after import = 2
========================================================================
Received Import Request.
  Time since last request: 0.000028 seconds.
  path: Assets/MentalDreamsAssets/GoKartPack/Mesh/Materials/gokart04.tga
  artifactKey: Guid(c9ede57fc1eee7f4cb9eb7bd4fc93354) Importer(815301076,1909f56bfc062723c751e8b465ee728b)
Start importing Assets/MentalDreamsAssets/GoKartPack/Mesh/Materials/gokart04.tga using Guid(c9ede57fc1eee7f4cb9eb7bd4fc93354) Importer(815301076,1909f56bfc062723c751e8b465ee728b)  -> (artifact id: 'd97d17889b65a55e299facab6c525a59') in 0.049656 seconds
Number of updated asset objects reloaded before import = 0
Number of asset objects unloaded after import = 2
========================================================================
Received Import Request.
  Time since last request: 0.000023 seconds.
  path: Assets/MentalDreamsAssets/GoKartPack/Mesh/Materials/gokart02.TGA
  artifactKey: Guid(4fed9932d9d7d82429264e0da9ada5bb) Importer(815301076,1909f56bfc062723c751e8b465ee728b)
Start importing Assets/MentalDreamsAssets/GoKartPack/Mesh/Materials/gokart02.TGA using Guid(4fed9932d9d7d82429264e0da9ada5bb) Importer(815301076,1909f56bfc062723c751e8b465ee728b)  -> (artifact id: 'eb153fcf709bf12f5edca2876fe9c898') in 0.037861 seconds
Number of updated asset objects reloaded before import = 0
Number of asset objects unloaded after import = 2
========================================================================
Received Import Request.
  Time since last request: 0.000026 seconds.
  path: Assets/MentalDreamsAssets/GoKartPack/Mesh/Materials/road.jpg
  artifactKey: Guid(f4cd9861b40e42d45bf82a620f6a37bb) Importer(815301076,1909f56bfc062723c751e8b465ee728b)
Start importing Assets/MentalDreamsAssets/GoKartPack/Mesh/Materials/road.jpg using Guid(f4cd9861b40e42d45bf82a620f6a37bb) Importer(815301076,1909f56bfc062723c751e8b465ee728b)  -> (artifact id: 'b17b585d38dd6e0d5e32ed6c2b084afb') in 0.040134 seconds
Number of updated asset objects reloaded before import = 0
Number of asset objects unloaded after import = 2
========================================================================
Received Import Request.
  Time since last request: 0.000024 seconds.
  path: Assets/MentalDreamsAssets/GoKartPack/Mesh/Materials/gokart_ref_05.mat
  artifactKey: Guid(772fc3ab11f2a7a4e900b0fdff4e7980) Importer(815301076,1909f56bfc062723c751e8b465ee728b)
Start importing Assets/MentalDreamsAssets/GoKartPack/Mesh/Materials/gokart_ref_05.mat using Guid(772fc3ab11f2a7a4e900b0fdff4e7980) Importer(815301076,1909f56bfc062723c751e8b465ee728b)  -> (artifact id: '2cfd72763a78440120c72b84b098aa5f') in 0.028938 seconds
Number of updated asset objects reloaded before import = 0
Number of asset objects unloaded after import = 2
========================================================================
Received Import Request.
  Time since last request: 0.000021 seconds.
  path: Assets/MentalDreamsAssets/GoKartPack/Mesh/Materials/gokart_ref_10.mat
  artifactKey: Guid(ed7263daf36fdc84b8f183ad25a738ec) Importer(815301076,1909f56bfc062723c751e8b465ee728b)
Start importing Assets/MentalDreamsAssets/GoKartPack/Mesh/Materials/gokart_ref_10.mat using Guid(ed7263daf36fdc84b8f183ad25a738ec) Importer(815301076,1909f56bfc062723c751e8b465ee728b)  -> (artifact id: 'fd4ce68ec5966d3acece117153cb9d53') in 0.029585 seconds
Number of updated asset objects reloaded before import = 0
Number of asset objects unloaded after import = 2
========================================================================
Received Import Request.
  Time since last request: 0.000027 seconds.
  path: Assets/MentalDreamsAssets/GoKartPack/Mesh/Materials/gokart_ref_09.mat
  artifactKey: Guid(6edae7a4b305cdd4f82c2ba7ec8ea11d) Importer(815301076,1909f56bfc062723c751e8b465ee728b)
Start importing Assets/MentalDreamsAssets/GoKartPack/Mesh/Materials/gokart_ref_09.mat using Guid(6edae7a4b305cdd4f82c2ba7ec8ea11d) Importer(815301076,1909f56bfc062723c751e8b465ee728b)  -> (artifact id: '35f48d6c8c142dfa5b6d3a9c84a463b2') in 0.029089 seconds
Number of updated asset objects reloaded before import = 0
Number of asset objects unloaded after import = 2
========================================================================
Received Import Request.
  Time since last request: 0.000046 seconds.
  path: Assets/MentalDreamsAssets/GoKartPack/Mesh/Materials/gokart01.TGA
  artifactKey: Guid(038599bb7d86bc74eae6a7b04cf118ab) Importer(815301076,1909f56bfc062723c751e8b465ee728b)
Start importing Assets/MentalDreamsAssets/GoKartPack/Mesh/Materials/gokart01.TGA using Guid(038599bb7d86bc74eae6a7b04cf118ab) Importer(815301076,1909f56bfc062723c751e8b465ee728b)  -> (artifact id: '30d517d59dbab8f52d5ea9ec1a296740') in 0.037998 seconds
Number of updated asset objects reloaded before import = 0
Number of asset objects unloaded after import = 2
========================================================================
Received Import Request.
  Time since last request: 0.000023 seconds.
  path: Assets/MentalDreamsAssets/GoKartPack/Mesh/Materials/road.mat
  artifactKey: Guid(7e5aceca9afd73b468f4d935044bb376) Importer(815301076,1909f56bfc062723c751e8b465ee728b)
Start importing Assets/MentalDreamsAssets/GoKartPack/Mesh/Materials/road.mat using Guid(7e5aceca9afd73b468f4d935044bb376) Importer(815301076,1909f56bfc062723c751e8b465ee728b)  -> (artifact id: '7a277a8c37e9ac3d97de804662306a0f') in 0.028002 seconds
Number of updated asset objects reloaded before import = 0
Number of asset objects unloaded after import = 2
========================================================================
Received Import Request.
  Time since last request: 0.000024 seconds.
  path: Assets/MentalDreamsAssets/GoKartPack/Mesh/Materials/gokart_ref_04.mat
  artifactKey: Guid(1ee75150387ea64479ef153557be0e90) Importer(815301076,1909f56bfc062723c751e8b465ee728b)
Start importing Assets/MentalDreamsAssets/GoKartPack/Mesh/Materials/gokart_ref_04.mat using Guid(1ee75150387ea64479ef153557be0e90) Importer(815301076,1909f56bfc062723c751e8b465ee728b)  -> (artifact id: 'd6ea73a37fdfe6f75bb6a4a687295149') in 0.027230 seconds
Number of updated asset objects reloaded before import = 0
Number of asset objects unloaded after import = 2
========================================================================
Received Import Request.
  Time since last request: 0.000022 seconds.
  path: Assets/MentalDreamsAssets/GoKartPack/Mesh/Materials/gokart10.mat
  artifactKey: Guid(a4fbe08de42a6604995c6e3f8f8b95f6) Importer(815301076,1909f56bfc062723c751e8b465ee728b)
Start importing Assets/MentalDreamsAssets/GoKartPack/Mesh/Materials/gokart10.mat using Guid(a4fbe08de42a6604995c6e3f8f8b95f6) Importer(815301076,1909f56bfc062723c751e8b465ee728b)  -> (artifact id: 'cbcf3223f553929624267ca956984997') in 0.027180 seconds
Number of updated asset objects reloaded before import = 0
Number of asset objects unloaded after import = 1
========================================================================
Received Import Request.
  Time since last request: 0.000025 seconds.
  path: Assets/MentalDreamsAssets/GoKartPack/Mesh/Materials/gokart_ref_07.mat
  artifactKey: Guid(c15f8abd4a9c9ba4a84c07ceab935d08) Importer(815301076,1909f56bfc062723c751e8b465ee728b)
Start importing Assets/MentalDreamsAssets/GoKartPack/Mesh/Materials/gokart_ref_07.mat using Guid(c15f8abd4a9c9ba4a84c07ceab935d08) Importer(815301076,1909f56bfc062723c751e8b465ee728b)  -> (artifact id: '93b95fdf79e1d2e6d7424f8968810438') in 0.027062 seconds
Number of updated asset objects reloaded before import = 0
Number of asset objects unloaded after import = 2
========================================================================
Received Import Request.
  Time since last request: 0.000018 seconds.
  path: Assets/MentalDreamsAssets/GoKartPack/Mesh/Materials/gokart10.TGA
  artifactKey: Guid(f4a2540a32d135f43829ad077e7c6415) Importer(815301076,1909f56bfc062723c751e8b465ee728b)
Start importing Assets/MentalDreamsAssets/GoKartPack/Mesh/Materials/gokart10.TGA using Guid(f4a2540a32d135f43829ad077e7c6415) Importer(815301076,1909f56bfc062723c751e8b465ee728b)  -> (artifact id: '045528c998687148596ed1b16d13a91f') in 0.037518 seconds
Number of updated asset objects reloaded before import = 0
Number of asset objects unloaded after import = 2
========================================================================
Received Import Request.
  Time since last request: 0.000024 seconds.
  path: Assets/MentalDreamsAssets/GoKartPack/Mesh/Materials/gokart06.TGA
  artifactKey: Guid(295c055899dca5a40b1c40e108b52cfc) Importer(815301076,1909f56bfc062723c751e8b465ee728b)
Start importing Assets/MentalDreamsAssets/GoKartPack/Mesh/Materials/gokart06.TGA using Guid(295c055899dca5a40b1c40e108b52cfc) Importer(815301076,1909f56bfc062723c751e8b465ee728b)  -> (artifact id: 'b22ed9b76bbfdfda62b89ac4f787d79f') in 0.037831 seconds
Number of updated asset objects reloaded before import = 0
Number of asset objects unloaded after import = 2
========================================================================
Received Import Request.
  Time since last request: 0.000032 seconds.
  path: Assets/MentalDreamsAssets/GoKartPack/Mesh/Materials/gokart08.tga
  artifactKey: Guid(ca03d284fc29f274681ae4f64b433e7f) Importer(815301076,1909f56bfc062723c751e8b465ee728b)
Start importing Assets/MentalDreamsAssets/GoKartPack/Mesh/Materials/gokart08.tga using Guid(ca03d284fc29f274681ae4f64b433e7f) Importer(815301076,1909f56bfc062723c751e8b465ee728b)  -> (artifact id: '935222b8d850cb89982ddc570f12a233') in 0.040596 seconds
Number of updated asset objects reloaded before import = 0
Number of asset objects unloaded after import = 2
========================================================================
Received Import Request.
  Time since last request: 0.000031 seconds.
  path: Assets/MentalDreamsAssets/GoKartPack/Mesh/Materials/gokart_ref_03.mat
  artifactKey: Guid(9f2cff0861cfc5048b4e627b64256242) Importer(815301076,1909f56bfc062723c751e8b465ee728b)
Start importing Assets/MentalDreamsAssets/GoKartPack/Mesh/Materials/gokart_ref_03.mat using Guid(9f2cff0861cfc5048b4e627b64256242) Importer(815301076,1909f56bfc062723c751e8b465ee728b)  -> (artifact id: '47be7f6cb15dd429a4a2b4b1a96a2544') in 0.029313 seconds
Number of updated asset objects reloaded before import = 0
Number of asset objects unloaded after import = 2
========================================================================
Received Import Request.
  Time since last request: 0.000025 seconds.
  path: Assets/MentalDreamsAssets/GoKartPack/Mesh/Materials/gokart07.TGA
  artifactKey: Guid(02e89bd487691334e904829392656002) Importer(815301076,1909f56bfc062723c751e8b465ee728b)
Start importing Assets/MentalDreamsAssets/GoKartPack/Mesh/Materials/gokart07.TGA using Guid(02e89bd487691334e904829392656002) Importer(815301076,1909f56bfc062723c751e8b465ee728b)  -> (artifact id: '9e439d6dc916c6b39ea64dc10734278a') in 0.039980 seconds
Number of updated asset objects reloaded before import = 0
Number of asset objects unloaded after import = 2
========================================================================
Received Import Request.
  Time since last request: 0.000024 seconds.
  path: Assets/MentalDreamsAssets/GoKartPack/Mesh/Materials/gokart05.TGA
  artifactKey: Guid(f2e4ddb6b2a8e1d48bc70b24b152d324) Importer(815301076,1909f56bfc062723c751e8b465ee728b)
Start importing Assets/MentalDreamsAssets/GoKartPack/Mesh/Materials/gokart05.TGA using Guid(f2e4ddb6b2a8e1d48bc70b24b152d324) Importer(815301076,1909f56bfc062723c751e8b465ee728b)  -> (artifact id: '0e60b9709cb935a90609a528d0b8fc1a') in 0.037276 seconds
Number of updated asset objects reloaded before import = 0
Number of asset objects unloaded after import = 2
========================================================================
Received Import Request.
  Time since last request: 0.000020 seconds.
  path: Assets/MentalDreamsAssets/GoKartPack/Mesh/Materials/gokart_ref_06.mat
  artifactKey: Guid(a0f580e425a99d442bf81547b2cc1a5d) Importer(815301076,1909f56bfc062723c751e8b465ee728b)
Start importing Assets/MentalDreamsAssets/GoKartPack/Mesh/Materials/gokart_ref_06.mat using Guid(a0f580e425a99d442bf81547b2cc1a5d) Importer(815301076,1909f56bfc062723c751e8b465ee728b)  -> (artifact id: '0e53aebf1790399f82d97eb8c594d873') in 0.031202 seconds
Number of updated asset objects reloaded before import = 0
Number of asset objects unloaded after import = 2
========================================================================
Received Import Request.
  Time since last request: 0.000045 seconds.
  path: Assets/MentalDreamsAssets/GoKartPack/Mesh/Materials/gokart09.TGA
  artifactKey: Guid(3ac68281f73672b4e864b03c947ed2d6) Importer(815301076,1909f56bfc062723c751e8b465ee728b)
Start importing Assets/MentalDreamsAssets/GoKartPack/Mesh/Materials/gokart09.TGA using Guid(3ac68281f73672b4e864b03c947ed2d6) Importer(815301076,1909f56bfc062723c751e8b465ee728b)  -> (artifact id: '98a41fcc668d2e5ea791b1f1ad5fd276') in 0.038984 seconds
Number of updated asset objects reloaded before import = 0
Number of asset objects unloaded after import = 2
========================================================================
Received Import Request.
  Time since last request: 0.000024 seconds.
  path: Assets/MentalDreamsAssets/GoKartPack/Mesh/Materials/gokart_ref_01.mat
  artifactKey: Guid(715bce1cbbdf09748a0cbcf01cfb2133) Importer(815301076,1909f56bfc062723c751e8b465ee728b)
Start importing Assets/MentalDreamsAssets/GoKartPack/Mesh/Materials/gokart_ref_01.mat using Guid(715bce1cbbdf09748a0cbcf01cfb2133) Importer(815301076,1909f56bfc062723c751e8b465ee728b)  -> (artifact id: '51136ba8b850ebf85b107359b9977e06') in 0.034057 seconds
Number of updated asset objects reloaded before import = 0
Number of asset objects unloaded after import = 2
========================================================================
Received Import Request.
  Time since last request: 0.000180 seconds.
  path: Assets/MentalDreamsAssets/GoKartPack/Mesh/Materials/gokart03.TGA
  artifactKey: Guid(9b63ef889dfe35843b8220c27f48832e) Importer(815301076,1909f56bfc062723c751e8b465ee728b)
Start importing Assets/MentalDreamsAssets/GoKartPack/Mesh/Materials/gokart03.TGA using Guid(9b63ef889dfe35843b8220c27f48832e) Importer(815301076,1909f56bfc062723c751e8b465ee728b)  -> (artifact id: '67ab83e5af73418f11b1b0908fc5bd1c') in 0.041542 seconds
Number of updated asset objects reloaded before import = 0
Number of asset objects unloaded after import = 2
========================================================================
Received Import Request.
  Time since last request: 6.226858 seconds.
  path: Assets/Scenes/SampleScene.unity
  artifactKey: Guid(9fc0d4010bbf28b4594072e72b8655ab) Importer(815301076,1909f56bfc062723c751e8b465ee728b)
Start importing Assets/Scenes/SampleScene.unity using Guid(9fc0d4010bbf28b4594072e72b8655ab) Importer(815301076,1909f56bfc062723c751e8b465ee728b)  -> (artifact id: '9930281dfc26820d593068043fd35ae1') in 0.000766 seconds
Number of updated asset objects reloaded before import = 0
Number of asset objects unloaded after import = 0
========================================================================
Received Import Request.
  Time since last request: 10.701298 seconds.
  path: Assets/Scenes/CarTest.unity
  artifactKey: Guid(9fc0d4010bbf28b4594072e72b8655ab) Importer(815301076,1909f56bfc062723c751e8b465ee728b)
Start importing Assets/Scenes/CarTest.unity using Guid(9fc0d4010bbf28b4594072e72b8655ab) Importer(815301076,1909f56bfc062723c751e8b465ee728b)  -> (artifact id: 'b7ea61bfe871d37017a7fd05983b7b28') in 0.000860 seconds
Number of updated asset objects reloaded before import = 0
Number of asset objects unloaded after import = 0
========================================================================
Received Prepare
Begin MonoManager ReloadAssembly
- Loaded All Assemblies, in  0.808 seconds
Refreshing native plugins compatible for Editor in 9.57 ms, found 3 plugins.
Native extension for WindowsStandalone target not found
Native extension for WebGL target not found
[Package Manager] Server::EnsureServerProcessIsRunning -- launch failed, reason: Unity was launched with the -noUpm command-line argument
[Package Manager] UpmClient::Send -- Unable to send message (not connected to UPM process).
[Package Manager] Cannot connect to Unity Package Manager local server
Mono: successfully reloaded assembly
- Finished resetting the current domain, in  3.405 seconds
Domain Reload Profiling: 4208ms
	BeginReloadAssembly (260ms)
		ExecutionOrderSort (0ms)
		DisableScriptedObjects (7ms)
		BackupInstance (0ms)
		ReleaseScriptingObjects (0ms)
		CreateAndSetChildDomain (58ms)
	RebuildCommonClasses (61ms)
	RebuildNativeTypeToScriptingClass (23ms)
	initialDomainReloadingComplete (58ms)
	LoadAllAssembliesAndSetupDomain (401ms)
		LoadAssemblies (511ms)
		RebuildTransferFunctionScriptingTraits (0ms)
		AnalyzeDomain (27ms)
			TypeCache.Refresh (13ms)
				TypeCache.ScanAssembly (0ms)
			ScanForSourceGeneratedMonoScriptInfo (0ms)
			ResolveRequiredComponents (11ms)
	FinalizeReload (3405ms)
		ReleaseScriptCaches (0ms)
		RebuildScriptCaches (0ms)
		SetupLoadedEditorAssemblies (1689ms)
			LogAssemblyErrors (0ms)
			InitializePlatformSupportModulesInManaged (28ms)
			SetLoadedEditorAssemblies (18ms)
			RefreshPlugins (0ms)
			BeforeProcessingInitializeOnLoad (292ms)
			ProcessInitializeOnLoadAttributes (1243ms)
			ProcessInitializeOnLoadMethodAttributes (83ms)
			AfterProcessingInitializeOnLoad (24ms)
			EditorAssembliesLoaded (1ms)
		ExecutionOrderSort2 (0ms)
		AwakeInstancesAfterBackupRestoration (31ms)
Refreshing native plugins compatible for Editor in 35.86 ms, found 3 plugins.
Preloading 0 native plugins for Editor in 0.00 ms.
Unloading 3087 Unused Serialized files (Serialized files now loaded: 0)
Unloading 23 unused Assets / (31.1 KB). Loaded Objects now: 3604.
Memory consumption went from 128.5 MB to 128.4 MB.
Total: 8.794100 ms (FindLiveObjects: 1.401600 ms CreateObjectMapping: 0.924500 ms MarkObjects: 6.384600 ms  DeleteObjects: 0.080900 ms)

Prepare: number of updated asset objects reloaded= 0
AssetImportParameters requested are different than current active one (requested -> active):
  custom:container-demuxer-ogg: 62fdf1f143b41e24485cea50d1cbac27 -> 
  custom:video-decoder-ogg-theora: a1e56fd34408186e4bbccfd4996cb3dc -> 
  custom:framework-win-MediaFoundation: 216162199b28c13a410421893ffa2e32 -> 
  custom:CustomObjectIndexerAttribute: 6d391050e5a25f67b0a2c618074f2cd9 -> 
  custom:container-demuxer-webm: 4f35f7cbe854078d1ac9338744f61a02 -> 
  custom:container-muxer-webm: aa71ff27fc2769a1b78a27578f13a17b -> 
  custom:video-decoder-webm-vp8: 9c59270c3fd7afecdb556c50c9e8de78 -> 
  custom:SearchIndexIgnoredProperties: e643bd26f0fe6173181afceb89e7c659 -> 
  custom:AudioImporter_EditorPlatform: d09bf68614088b80899f8185d706f6e7 -> 
  custom:video-encoder-webm-vp8: eb34c28f22e8b96e1ab97ce403110664 -> 
  custom:audio-decoder-ogg-vorbis: bf7c407c2cedff20999df2af8eb42d56 -> 
  custom:audio-encoder-webm-vorbis: bf7c407c2cedff20999df2af8eb42d56 -> 
